'1ANV-23BA-BKLL-0764-2LL135KDA4C7','Reprint',NULL,NULL,NULL,NULL,NULL,NULL,'=17067','=17067',NULL,NULL,'HI','I','E','RB',0,NULL,NULL,1,0,1,NULL,1,0,1,0,0,0
'3XD2-34GB-PODA-9090-23SIZ5KBA668','Reprint',NULL,NULL,NULL,NULL,NULL,NULL,'=81444','=81444',NULL,NULL,'OP','D','B','RD',0,1,NULL,1,0,NULL,1,1,NULL,1,NULL,0,0
'DS32-GMMA-54G1-LKF5-DSJKA46NN210','Reprint',NULL,NULL,NULL,NULL,NULL,NULL,'=12333','=12333',NULL,NULL,'OA','D','B','AB',0,NULL,NULL,1,1,NULL,0,1,NULL,0,NULL,NULL,1
'KAP4-POP1-DAD3-SON5-GARBAGE12345','Reprint',NULL,NULL,NULL,NULL,NULL,NULL,'=808080','=808080',NULL,NULL,'A','G','D','AP',1,1,NULL,NULL,NULL,NULL,NULL,NULL,NULL,1,NULL,1,1
'SMA3-AWW1-HEY4-YOO8-HACKING10101','Reprint',NULL,NULL,NULL,NULL,NULL,NULL,'=8675309','=8675309',NULL,NULL,'DV','X','Z','XL',1,NULL,1,1,1,1,NULL,NULL,NULL,NULL,NULL,1,1
'CAT3-DOG1-BOG5-SAW0-ALLIGATOR199','Reprint',NULL,NULL,NULL,NULL,NULL,NULL,'=99999','=99999',NULL,NULL,'AA','X','H','0B','A',NULL,NULL,NULL,NULL,NULL,1,NULL,NULL,1,0,0,0
'S3WP-N33W-Y33T-P00P-SMITHAD12345','Reprint',NULL,NULL,NULL,NULL,NULL,NULL,'=440101','=440101',NULL,NULL,'XA','D','T','TB',1,NULL,1,NULL,NULL,NULL,1,1,1,NULL,0,1
'DAAX-GAOA-5DO1-AAF5-XASDKLNNDSA0','Reprint',NULL,NULL,NULL,NULL,NULL,NULL,'=010011','=010011',NULL,NULL,'AP','G','T','XB',0,NULL,1,NULL,NULL,NULL,0,1,1,0,1,NULL,0
'SI1Z-GSLL-54M1-LAS5-DSTRENTON1A0','Reprint',NULL,NULL,NULL,NULL,NULL,NULL,'=176231','=176231',NULL,NULL,'XX','X','B','AO',0,NULL,NULL,NULL,NULL,NULL,1,1,1,1,NULL,NULL,1
'HAM0-SAM0-YAM0-LAM0-AOSOSOSOSOS1','Reprint',NULL,NULL,NULL,NULL,NULL,NULL,'=998877','=998877',NULL,NULL,'KJ','A','P','AD',1,1,1,0,1,1,0,NULL,0,0,NULL,NULL,1
'KAPO-SAZX-SYL1-W1LL-SMITHASDKLO1','Reprint',NULL,NULL,NULL,NULL,NULL,NULL,'=199999','=199999',NULL,NULL,'XX','A','U','GH',1,1,1,0,0,0,1,1,1,NULL,NULL,NULL,1
'SERP-PEAS-TOTS-LASX-DJANGO213000','Reprint',NULL,NULL,NULL,NULL,NULL,NULL,'=100900','=100900',NULL,NULL,'PO','K','M','DO',1,1,1,0,1,0,0,1,NULL,1,NULL,NULL,1
'ASLL-WXF1-ASMD-HO0P-APPLESAUCE13','Reprint',NULL,NULL,NULL,NULL,NULL,NULL,'=22222','=22222',NULL,NULL,'AK','X','O','QB',1,1,1,0,0,1,NULL,NULL,NULL,NULL,NULL,NULL,0
'HASK-PYTH-JAVA-RUST-SEEPLUS5PLUS','Reprint',NULL,NULL,NULL,NULL,NULL,NULL,'=66666','=66666',NULL,NULL,'XX','AK','V','AL',1,1,1,0,NULL,NULL,NULL,1,1,1,NULL,1,1
'HAMO-ER1C-RAPP-SMAL-DANDELION134','Reprint',NULL,NULL,NULL,NULL,NULL,NULL,'=19888','=19888',NULL,NULL,'IU','P','U','IX',1,NULL,1,0,NULL,NULL,0,0,NULL,0,NULL,NULL,1
'S00P-GAXA-HAHA-LOLZ-D99999911023','Reprint',NULL,NULL,NULL,NULL,NULL,NULL,'=11199','=11199',NULL,NULL,'PP','P','P','PP',1,1,NULL,0,0,NULL,0,1,0,NULL,NULL,NULL,1
'WOW1-YOAU-MADE-LIT5-DTOAXVGOOGLE','Reprint',NULL,NULL,NULL,NULL,NULL,NULL,'=89912','=89912',NULL,NULL,'XX','A','A','AA',1,1,NULL,NULL,1,0,0,1,1,0,0,1
'DSA2-BUTT-NEVR-ASK1-SIMPLESAUCE1','Reprint',NULL,NULL,NULL,NULL,NULL,NULL,'=12333','=12333',NULL,NULL,'OA','D','B','AB',0,NULL,NULL,1,1,NULL,0,1,NULL,0,NULL,NULL,NULL
'SHA1-256L-OLZ1-LGAG-ASAIDNO21011','Reprint',NULL,NULL,NULL,NULL,NULL,NULL,'=768432','=768432',NULL,NULL,'XX','A','B','PO',1,NULL,NULL,NULL,NULL,NULL,1,1,1,1,1,1,1
'PISD-LIST-DISH-FISH-SUPABASS1359','Reprint',NULL,NULL,NULL,NULL,NULL,NULL,'=12199','=12199',NULL,NULL,'PP','A','P','PP',0,1,NULL,NULL,1,NULL,1,1,NULL,0,1,NULL,0
